Using pre-set license
Built from '2020.3/staging' branch; Version is '2020.3.9f1 (108be757e447) revision 1084391'; Using compiler version '192528614'; Build Type 'Release'
OS: 'Windows 10 Home; OS build 19042.1052; Version 2009; 64bit' Language: 'ko' Physical Memory: 16303 MB
BatchMode: 1, IsHumanControllingUs: 0, StartBugReporterOnCrash: 0, Is64bit: 1, IsPro: 0

 COMMAND LINE ARGUMENTS:
C:\Users\USER\Desktop\Unity\2020.3.9f1\Editor\Unity.exe
-adb2
-batchMode
-noUpm
-name
AssetImportWorker0
-projectPath
C:/Users/USER/Desktop/Unity/unity project
-logFile
Logs/AssetImportWorker0.log
-srvPort
10171
Successfully changed project path to: C:/Users/USER/Desktop/Unity/unity project
C:/Users/USER/Desktop/Unity/unity project
Using Asset Import Pipeline V2.
Refreshing native plugins compatible for Editor in 36.65 ms, found 1 plugins.
Preloading 0 native plugins for Editor in 0.00 ms.
Initialize engine version: 2020.3.9f1 (108be757e447)
[Subsystems] Discovering subsystems at path C:/Users/USER/Desktop/Unity/2020.3.9f1/Editor/Data/Resources/UnitySubsystems
[Subsystems] Discovering subsystems at path C:/Users/USER/Desktop/Unity/unity project/Assets
GfxDevice: creating device client; threaded=0
Direct3D:
    Version:  Direct3D 11.0 [level 11.1]
    Renderer: NVIDIA GeForce RTX 2060 (ID=0x1f51)
    Vendor:   
    VRAM:     5980 MB
    Driver:   26.21.14.3162
Initialize mono
Mono path[0] = 'C:/Users/USER/Desktop/Unity/2020.3.9f1/Editor/Data/Managed'
Mono path[1] = 'C:/Users/USER/Desktop/Unity/2020.3.9f1/Editor/Data/MonoBleedingEdge/lib/mono/unityjit'
Mono config path = 'C:/Users/USER/Desktop/Unity/2020.3.9f1/Editor/Data/MonoBleedingEdge/etc'
Using monoOptions --debugger-agent=transport=dt_socket,embedding=1,server=y,suspend=n,address=127.0.0.1:56840
Begin MonoManager ReloadAssembly
Registering precompiled unity dll's ...
Register platform support module: C:/Users/USER/Desktop/Unity/2020.3.9f1/Editor/Data/PlaybackEngines/WindowsStandaloneSupport/UnityEditor.WindowsStandalone.Extensions.dll
Registered in 0.001765 seconds.
Native extension for WindowsStandalone target not found
Refreshing native plugins compatible for Editor in 34.30 ms, found 1 plugins.
Preloading 0 native plugins for Editor in 0.00 ms.
Mono: successfully reloaded assembly
- Completed reload, in  1.823 seconds
Platform modules already initialized, skipping
Registering precompiled user dll's ...
Registered in 0.000876 seconds.
Begin MonoManager ReloadAssembly
Native extension for WindowsStandalone target not found
Refreshing native plugins compatible for Editor in 36.11 ms, found 1 plugins.
Preloading 0 native plugins for Editor in 0.00 ms.
Mono: successfully reloaded assembly
- Completed reload, in  0.963 seconds
Platform modules already initialized, skipping
========================================================================
Worker process is ready to serve import requests
Launched and connected shader compiler UnityShaderCompiler.exe after 0.04 seconds
Refreshing native plugins compatible for Editor in 0.30 ms, found 1 plugins.
Preloading 0 native plugins for Editor in 0.00 ms.
Unloading 1825 Unused Serialized files (Serialized files now loaded: 0)
System memory in use before: 85.7 MB.
System memory in use after: 85.8 MB.

Unloading 19 unused Assets to reduce memory usage. Loaded Objects now: 2276.
Total: 1.939400 ms (FindLiveObjects: 0.160000 ms CreateObjectMapping: 0.049400 ms MarkObjects: 1.649300 ms  DeleteObjects: 0.079900 ms)

========================================================================
Received Import Request.
  path: Assets/Prefabs/iceOrb.prefab
  artifactKey: Guid(85550092ea6017140b0ce2cf5c8f11bd) Importer(815301076,1909f56bfc062723c751e8b465ee728b)
Start importing Assets/Prefabs/iceOrb.prefab using Guid(85550092ea6017140b0ce2cf5c8f11bd) Importer(815301076,1909f56bfc062723c751e8b465ee728b)  -> (artifact id: '3b2bafca7e35cbb984d0a4f5868d67d0') in 0.110628 seconds
  Import took 0.113546 seconds .

========================================================================
Received Import Request.
  Time since last request: 0.000309 seconds.
  path: Assets/Prefabs/poisonOrb 1.prefab
  artifactKey: Guid(fe639478a26bacd4b9a90d5ecaca2228) Importer(815301076,1909f56bfc062723c751e8b465ee728b)
Start importing Assets/Prefabs/poisonOrb 1.prefab using Guid(fe639478a26bacd4b9a90d5ecaca2228) Importer(815301076,1909f56bfc062723c751e8b465ee728b)  -> (artifact id: 'd19542e512b41b009ad0b2891d05f239') in 0.014408 seconds
  Import took 0.017883 seconds .

========================================================================
Received Import Request.
  Time since last request: 15.091493 seconds.
  path: Assets/Prefabs/poisonOrb.prefab
  artifactKey: Guid(fe639478a26bacd4b9a90d5ecaca2228) Importer(815301076,1909f56bfc062723c751e8b465ee728b)
Start importing Assets/Prefabs/poisonOrb.prefab using Guid(fe639478a26bacd4b9a90d5ecaca2228) Importer(815301076,1909f56bfc062723c751e8b465ee728b)  -> (artifact id: '3fe39fabebea342165fec4dca6cb6c4f') in 0.015746 seconds
  Import took 0.019987 seconds .

========================================================================
Received Import Request.
  Time since last request: 154.176214 seconds.
  path: Assets/Prefabs/darkOrb.prefab
  artifactKey: Guid(08d4ea89723447d47a5a50573289ba4e) Importer(815301076,1909f56bfc062723c751e8b465ee728b)
Start importing Assets/Prefabs/darkOrb.prefab using Guid(08d4ea89723447d47a5a50573289ba4e) Importer(815301076,1909f56bfc062723c751e8b465ee728b)  -> (artifact id: 'afc1c1450771f19584634ea5ac564308') in 0.013525 seconds
  Import took 0.017648 seconds .

========================================================================
Received Import Request.
  Time since last request: 0.014440 seconds.
  path: Assets/Prefabs/darkOrb.prefab
  artifactKey: Guid(08d4ea89723447d47a5a50573289ba4e) Importer(815301076,1909f56bfc062723c751e8b465ee728b)
Start importing Assets/Prefabs/darkOrb.prefab using Guid(08d4ea89723447d47a5a50573289ba4e) Importer(815301076,1909f56bfc062723c751e8b465ee728b)  -> (artifact id: 'afc1c1450771f19584634ea5ac564308') in 0.012823 seconds
  Import took 0.016509 seconds .

========================================================================
Received Import Request.
  Time since last request: 3.137653 seconds.
  path: Assets/Image/dark.anim
  artifactKey: Guid(4fbe1943b90d7854f8758eee53419ee8) Importer(815301076,1909f56bfc062723c751e8b465ee728b)
Start importing Assets/Image/dark.anim using Guid(4fbe1943b90d7854f8758eee53419ee8) Importer(815301076,1909f56bfc062723c751e8b465ee728b)  -> (artifact id: '7f1297b74684cdb88816f2990674ff7f') in 0.009275 seconds
  Import took 0.012460 seconds .

========================================================================
Received Import Request.
  Time since last request: 3.315555 seconds.
  path: Assets/Image/Small_Blackball_10x26_0.controller
  artifactKey: Guid(4f0699d8bde0de0428e706f67f3505f5) Importer(815301076,1909f56bfc062723c751e8b465ee728b)
Start importing Assets/Image/Small_Blackball_10x26_0.controller using Guid(4f0699d8bde0de0428e706f67f3505f5) Importer(815301076,1909f56bfc062723c751e8b465ee728b)  -> (artifact id: '42d3d8468f04319f3a7f1f553a154768') in 0.009323 seconds
  Import took 0.012354 seconds .

========================================================================
Received Prepare
Registering precompiled user dll's ...
Registered in 0.000864 seconds.
Begin MonoManager ReloadAssembly
Native extension for WindowsStandalone target not found
Refreshing native plugins compatible for Editor in 0.50 ms, found 1 plugins.
Preloading 0 native plugins for Editor in 0.00 ms.
Mono: successfully reloaded assembly
- Completed reload, in  0.917 seconds
Platform modules already initialized, skipping
Switching build target platform(19) subTarget(0) extendedPlatform(0) -> platform(13) subTarget(537395200) extendedPlatform(0)
Refreshing native plugins compatible for Editor in 0.36 ms, found 1 plugins.
Preloading 0 native plugins for Editor in 0.00 ms.
Unloading 1818 Unused Serialized files (Serialized files now loaded: 0)
System memory in use before: 88.3 MB.
System memory in use after: 88.4 MB.

Unloading 8 unused Assets to reduce memory usage. Loaded Objects now: 2286.
Total: 1.743500 ms (FindLiveObjects: 0.157200 ms CreateObjectMapping: 0.047500 ms MarkObjects: 1.526200 ms  DeleteObjects: 0.011500 ms)

AssetImportParameters requested are different than current active one (requested -> active):
  custom:graphics/normal-map-encoding: 01000000000000000000000000000000 -> 02000000000000000000000000000000
========================================================================
Received Prepare
Registering precompiled user dll's ...
Registered in 0.000855 seconds.
Begin MonoManager ReloadAssembly
Native extension for WindowsStandalone target not found
Refreshing native plugins compatible for Editor in 0.37 ms, found 1 plugins.
Preloading 0 native plugins for Editor in 0.00 ms.
Mono: successfully reloaded assembly
- Completed reload, in  0.932 seconds
Platform modules already initialized, skipping
Switching build target platform(19) subTarget(0) extendedPlatform(0) -> platform(13) subTarget(537395200) extendedPlatform(0)
Refreshing native plugins compatible for Editor in 0.46 ms, found 1 plugins.
Preloading 0 native plugins for Editor in 0.00 ms.
Unloading 1818 Unused Serialized files (Serialized files now loaded: 0)
System memory in use before: 88.4 MB.
System memory in use after: 88.5 MB.

Unloading 8 unused Assets to reduce memory usage. Loaded Objects now: 2289.
Total: 1.954000 ms (FindLiveObjects: 0.171300 ms CreateObjectMapping: 0.049400 ms MarkObjects: 1.720400 ms  DeleteObjects: 0.012200 ms)

AssetImportParameters requested are different than current active one (requested -> active):
  custom:graphics/normal-map-encoding: 01000000000000000000000000000000 -> 02000000000000000000000000000000
========================================================================
Received Import Request.
  Time since last request: 65.626533 seconds.
  path: Assets/Prefabs/poisonOrb.prefab
  artifactKey: Guid(fe639478a26bacd4b9a90d5ecaca2228) Importer(815301076,1909f56bfc062723c751e8b465ee728b)
Start importing Assets/Prefabs/poisonOrb.prefab using Guid(fe639478a26bacd4b9a90d5ecaca2228) Importer(815301076,1909f56bfc062723c751e8b465ee728b)  -> (artifact id: '7e907588592d2ee5c6b77aeb3c884259') in 0.051694 seconds
  Import took 0.054349 seconds .

========================================================================
Received Import Request.
  Time since last request: 0.000244 seconds.
  path: Assets/Prefabs/darkOrb.prefab
  artifactKey: Guid(08d4ea89723447d47a5a50573289ba4e) Importer(815301076,1909f56bfc062723c751e8b465ee728b)
Start importing Assets/Prefabs/darkOrb.prefab using Guid(08d4ea89723447d47a5a50573289ba4e) Importer(815301076,1909f56bfc062723c751e8b465ee728b)  -> (artifact id: 'f12724bf037231ec6e2ab816e9fc724e') in 0.013299 seconds
  Import took 0.016154 seconds .

========================================================================
Received Import Request.
  Time since last request: 0.000302 seconds.
  path: Assets/Prefabs/fireOrb.prefab
  artifactKey: Guid(a999faa7d8eab944aafad8c63456a2ca) Importer(815301076,1909f56bfc062723c751e8b465ee728b)
Start importing Assets/Prefabs/fireOrb.prefab using Guid(a999faa7d8eab944aafad8c63456a2ca) Importer(815301076,1909f56bfc062723c751e8b465ee728b)  -> (artifact id: '734508de48b6bd7cf0e6f3479c08e72d') in 0.012430 seconds
  Import took 0.016032 seconds .

========================================================================
Received Prepare
Registering precompiled user dll's ...
Registered in 0.000991 seconds.
Begin MonoManager ReloadAssembly
Native extension for WindowsStandalone target not found
Refreshing native plugins compatible for Editor in 0.36 ms, found 1 plugins.
Preloading 0 native plugins for Editor in 0.00 ms.
Mono: successfully reloaded assembly
- Completed reload, in  0.875 seconds
Platform modules already initialized, skipping
Switching build target platform(19) subTarget(0) extendedPlatform(0) -> platform(13) subTarget(537395200) extendedPlatform(0)
Refreshing native plugins compatible for Editor in 0.37 ms, found 1 plugins.
Preloading 0 native plugins for Editor in 0.00 ms.
Unloading 1818 Unused Serialized files (Serialized files now loaded: 0)
System memory in use before: 88.4 MB.
System memory in use after: 88.5 MB.

Unloading 8 unused Assets to reduce memory usage. Loaded Objects now: 2293.
Total: 1.880400 ms (FindLiveObjects: 0.155600 ms CreateObjectMapping: 0.047400 ms MarkObjects: 1.665000 ms  DeleteObjects: 0.011700 ms)

AssetImportParameters requested are different than current active one (requested -> active):
  custom:graphics/normal-map-encoding: 01000000000000000000000000000000 -> 02000000000000000000000000000000
========================================================================
Received Import Request.
  Time since last request: 55.918136 seconds.
  path: Assets/Prefabs/darkOrb.prefab
  artifactKey: Guid(08d4ea89723447d47a5a50573289ba4e) Importer(815301076,1909f56bfc062723c751e8b465ee728b)
Start importing Assets/Prefabs/darkOrb.prefab using Guid(08d4ea89723447d47a5a50573289ba4e) Importer(815301076,1909f56bfc062723c751e8b465ee728b)  -> (artifact id: 'ab2c49d78038bcb3c0fe98cb7b1bb154') in 0.063037 seconds
  Import took 0.066384 seconds .

========================================================================
Received Import Request.
  Time since last request: 4.920049 seconds.
  path: Assets/Prefabs/iceOrb.prefab
  artifactKey: Guid(85550092ea6017140b0ce2cf5c8f11bd) Importer(815301076,1909f56bfc062723c751e8b465ee728b)
Start importing Assets/Prefabs/iceOrb.prefab using Guid(85550092ea6017140b0ce2cf5c8f11bd) Importer(815301076,1909f56bfc062723c751e8b465ee728b)  -> (artifact id: '35c8274b58648714166eec5d23abc1a6') in 0.013224 seconds
  Import took 0.016118 seconds .

========================================================================
Received Import Request.
  Time since last request: 0.011432 seconds.
  path: Assets/Prefabs/iceOrb.prefab
  artifactKey: Guid(85550092ea6017140b0ce2cf5c8f11bd) Importer(815301076,1909f56bfc062723c751e8b465ee728b)
Start importing Assets/Prefabs/iceOrb.prefab using Guid(85550092ea6017140b0ce2cf5c8f11bd) Importer(815301076,1909f56bfc062723c751e8b465ee728b)  -> (artifact id: '35c8274b58648714166eec5d23abc1a6') in 0.012169 seconds
  Import took 0.016884 seconds .

========================================================================
Received Import Request.
  Time since last request: 4.667033 seconds.
  path: Assets/Prefabs/darkOrb.prefab
  artifactKey: Guid(08d4ea89723447d47a5a50573289ba4e) Importer(815301076,1909f56bfc062723c751e8b465ee728b)
Start importing Assets/Prefabs/darkOrb.prefab using Guid(08d4ea89723447d47a5a50573289ba4e) Importer(815301076,1909f56bfc062723c751e8b465ee728b)  -> (artifact id: 'd226e209bf7564c2dda94f11155ad143') in 0.013815 seconds
  Import took 0.017152 seconds .

========================================================================
Received Import Request.
  Time since last request: 0.004787 seconds.
  path: Assets/Prefabs/darkOrb.prefab
  artifactKey: Guid(08d4ea89723447d47a5a50573289ba4e) Importer(815301076,1909f56bfc062723c751e8b465ee728b)
Start importing Assets/Prefabs/darkOrb.prefab using Guid(08d4ea89723447d47a5a50573289ba4e) Importer(815301076,1909f56bfc062723c751e8b465ee728b)  -> (artifact id: 'd226e209bf7564c2dda94f11155ad143') in 0.015579 seconds
  Import took 0.018504 seconds .

========================================================================
Received Prepare
Registering precompiled user dll's ...
Registered in 0.001398 seconds.
Begin MonoManager ReloadAssembly
Native extension for WindowsStandalone target not found
Refreshing native plugins compatible for Editor in 0.33 ms, found 1 plugins.
Preloading 0 native plugins for Editor in 0.00 ms.
Mono: successfully reloaded assembly
- Completed reload, in  0.962 seconds
Platform modules already initialized, skipping
Switching build target platform(19) subTarget(0) extendedPlatform(0) -> platform(13) subTarget(537395200) extendedPlatform(0)
Refreshing native plugins compatible for Editor in 0.37 ms, found 1 plugins.
Preloading 0 native plugins for Editor in 0.00 ms.
Unloading 1818 Unused Serialized files (Serialized files now loaded: 0)
System memory in use before: 88.4 MB.
System memory in use after: 88.5 MB.

Unloading 8 unused Assets to reduce memory usage. Loaded Objects now: 2297.
Total: 1.794700 ms (FindLiveObjects: 0.156200 ms CreateObjectMapping: 0.048300 ms MarkObjects: 1.578100 ms  DeleteObjects: 0.011400 ms)

AssetImportParameters requested are different than current active one (requested -> active):
  custom:graphics/normal-map-encoding: 01000000000000000000000000000000 -> 02000000000000000000000000000000
========================================================================
Received Import Request.
  Time since last request: 43.201482 seconds.
  path: Assets/Prefabs/Orb.prefab
  artifactKey: Guid(eaf7b4ffd200aaa4dbd74e6cd950afa3) Importer(815301076,1909f56bfc062723c751e8b465ee728b)
Start importing Assets/Prefabs/Orb.prefab using Guid(eaf7b4ffd200aaa4dbd74e6cd950afa3) Importer(815301076,1909f56bfc062723c751e8b465ee728b)  -> (artifact id: '00fcfa8acfb09fd38b6d056761d2a9c8') in 0.032069 seconds
  Import took 0.035701 seconds .

========================================================================
Received Prepare
Registering precompiled user dll's ...
Registered in 0.000920 seconds.
Begin MonoManager ReloadAssembly
Native extension for WindowsStandalone target not found
Refreshing native plugins compatible for Editor in 0.37 ms, found 1 plugins.
Preloading 0 native plugins for Editor in 0.00 ms.
Mono: successfully reloaded assembly
- Completed reload, in  0.923 seconds
Platform modules already initialized, skipping
Switching build target platform(19) subTarget(0) extendedPlatform(0) -> platform(13) subTarget(537395200) extendedPlatform(0)
Refreshing native plugins compatible for Editor in 0.30 ms, found 1 plugins.
Preloading 0 native plugins for Editor in 0.00 ms.
Unloading 1818 Unused Serialized files (Serialized files now loaded: 0)
System memory in use before: 88.4 MB.
System memory in use after: 88.6 MB.

Unloading 8 unused Assets to reduce memory usage. Loaded Objects now: 2300.
Total: 2.954700 ms (FindLiveObjects: 0.161300 ms CreateObjectMapping: 0.049300 ms MarkObjects: 2.724600 ms  DeleteObjects: 0.018200 ms)

AssetImportParameters requested are different than current active one (requested -> active):
  custom:graphics/normal-map-encoding: 01000000000000000000000000000000 -> 02000000000000000000000000000000
========================================================================
Received Prepare
Registering precompiled user dll's ...
Registered in 0.000856 seconds.
Begin MonoManager ReloadAssembly
Native extension for WindowsStandalone target not found
Refreshing native plugins compatible for Editor in 0.38 ms, found 1 plugins.
Preloading 0 native plugins for Editor in 0.00 ms.
Mono: successfully reloaded assembly
- Completed reload, in  0.954 seconds
Platform modules already initialized, skipping
Switching build target platform(19) subTarget(0) extendedPlatform(0) -> platform(13) subTarget(537395200) extendedPlatform(0)
Refreshing native plugins compatible for Editor in 0.32 ms, found 1 plugins.
Preloading 0 native plugins for Editor in 0.00 ms.
Unloading 1818 Unused Serialized files (Serialized files now loaded: 0)
System memory in use before: 88.4 MB.
System memory in use after: 88.6 MB.

Unloading 8 unused Assets to reduce memory usage. Loaded Objects now: 2303.
Total: 1.774200 ms (FindLiveObjects: 0.145300 ms CreateObjectMapping: 0.056100 ms MarkObjects: 1.559100 ms  DeleteObjects: 0.012900 ms)

AssetImportParameters requested are different than current active one (requested -> active):
  custom:graphics/normal-map-encoding: 01000000000000000000000000000000 -> 02000000000000000000000000000000
========================================================================
Received Prepare
Registering precompiled user dll's ...
Registered in 0.001009 seconds.
Begin MonoManager ReloadAssembly
Native extension for WindowsStandalone target not found
Refreshing native plugins compatible for Editor in 0.35 ms, found 1 plugins.
Preloading 0 native plugins for Editor in 0.00 ms.
Mono: successfully reloaded assembly
- Completed reload, in  0.989 seconds
Platform modules already initialized, skipping
Switching build target platform(19) subTarget(0) extendedPlatform(0) -> platform(13) subTarget(537395200) extendedPlatform(0)
Refreshing native plugins compatible for Editor in 0.53 ms, found 1 plugins.
Preloading 0 native plugins for Editor in 0.00 ms.
Unloading 1818 Unused Serialized files (Serialized files now loaded: 0)
System memory in use before: 88.5 MB.
System memory in use after: 88.6 MB.

Unloading 8 unused Assets to reduce memory usage. Loaded Objects now: 2306.
Total: 2.046500 ms (FindLiveObjects: 0.277600 ms CreateObjectMapping: 0.053500 ms MarkObjects: 1.672900 ms  DeleteObjects: 0.041700 ms)

AssetImportParameters requested are different than current active one (requested -> active):
  custom:graphics/normal-map-encoding: 01000000000000000000000000000000 -> 02000000000000000000000000000000
========================================================================
Received Prepare
Registering precompiled user dll's ...
Registered in 0.001148 seconds.
Begin MonoManager ReloadAssembly
Native extension for WindowsStandalone target not found
Refreshing native plugins compatible for Editor in 0.41 ms, found 1 plugins.
Preloading 0 native plugins for Editor in 0.00 ms.
Mono: successfully reloaded assembly
- Completed reload, in  1.000 seconds
Platform modules already initialized, skipping
Switching build target platform(19) subTarget(0) extendedPlatform(0) -> platform(13) subTarget(537395200) extendedPlatform(0)
Refreshing native plugins compatible for Editor in 0.34 ms, found 1 plugins.
Preloading 0 native plugins for Editor in 0.00 ms.
Unloading 1818 Unused Serialized files (Serialized files now loaded: 0)
System memory in use before: 88.5 MB.
System memory in use after: 88.6 MB.

Unloading 8 unused Assets to reduce memory usage. Loaded Objects now: 2309.
Total: 1.913400 ms (FindLiveObjects: 0.158100 ms CreateObjectMapping: 0.049600 ms MarkObjects: 1.692200 ms  DeleteObjects: 0.012800 ms)

AssetImportParameters requested are different than current active one (requested -> active):
  custom:graphics/normal-map-encoding: 01000000000000000000000000000000 -> 02000000000000000000000000000000
========================================================================
Received Prepare
Registering precompiled user dll's ...
Registered in 0.000876 seconds.
Begin MonoManager ReloadAssembly
Native extension for WindowsStandalone target not found
Refreshing native plugins compatible for Editor in 0.37 ms, found 1 plugins.
Preloading 0 native plugins for Editor in 0.00 ms.
Mono: successfully reloaded assembly
- Completed reload, in  1.005 seconds
Platform modules already initialized, skipping
Switching build target platform(19) subTarget(0) extendedPlatform(0) -> platform(13) subTarget(537395200) extendedPlatform(0)
Refreshing native plugins compatible for Editor in 0.31 ms, found 1 plugins.
Preloading 0 native plugins for Editor in 0.00 ms.
Unloading 1818 Unused Serialized files (Serialized files now loaded: 0)
System memory in use before: 88.5 MB.
System memory in use after: 88.6 MB.

Unloading 8 unused Assets to reduce memory usage. Loaded Objects now: 2312.
Total: 1.843600 ms (FindLiveObjects: 0.141600 ms CreateObjectMapping: 0.051500 ms MarkObjects: 1.635800 ms  DeleteObjects: 0.013700 ms)

AssetImportParameters requested are different than current active one (requested -> active):
  custom:graphics/normal-map-encoding: 01000000000000000000000000000000 -> 02000000000000000000000000000000
========================================================================
Received Import Request.
  Time since last request: 151.767751 seconds.
  path: Assets/Prefabs/SLIME.prefab
  artifactKey: Guid(e47d88b0ed91397448418c82327f9ad1) Importer(815301076,1909f56bfc062723c751e8b465ee728b)
Start importing Assets/Prefabs/SLIME.prefab using Guid(e47d88b0ed91397448418c82327f9ad1) Importer(815301076,1909f56bfc062723c751e8b465ee728b)  -> (artifact id: 'b89104cd7db969c0bda9638ef4e73743') in 0.063816 seconds
  Import took 0.068027 seconds .

========================================================================
Received Import Request.
  Time since last request: 5.655207 seconds.
  path: Assets/Prefabs/SLIME.prefab
  artifactKey: Guid(e47d88b0ed91397448418c82327f9ad1) Importer(815301076,1909f56bfc062723c751e8b465ee728b)
Start importing Assets/Prefabs/SLIME.prefab using Guid(e47d88b0ed91397448418c82327f9ad1) Importer(815301076,1909f56bfc062723c751e8b465ee728b)  -> (artifact id: '0c91b540625933c8b6aea9fc67ea430f') in 0.012483 seconds
  Import took 0.015932 seconds .

========================================================================
Received Import Request.
  Time since last request: 5.765695 seconds.
  path: Assets/Script/Damage.cs
  artifactKey: Guid(eb1c37dc41587ef4d928dd5ed243a613) Importer(815301076,1909f56bfc062723c751e8b465ee728b)
Start importing Assets/Script/Damage.cs using Guid(eb1c37dc41587ef4d928dd5ed243a613) Importer(815301076,1909f56bfc062723c751e8b465ee728b)  -> (artifact id: '6c381f8df7471830aceea8cc32f1c43c') in 0.012362 seconds
  Import took 0.015657 seconds .

========================================================================
Received Prepare
Registering precompiled user dll's ...
Registered in 0.001666 seconds.
Begin MonoManager ReloadAssembly
Native extension for WindowsStandalone target not found
Refreshing native plugins compatible for Editor in 0.32 ms, found 1 plugins.
Preloading 0 native plugins for Editor in 0.00 ms.
Mono: successfully reloaded assembly
- Completed reload, in  0.919 seconds
Platform modules already initialized, skipping
Switching build target platform(19) subTarget(0) extendedPlatform(0) -> platform(13) subTarget(537395200) extendedPlatform(0)
Refreshing native plugins compatible for Editor in 0.44 ms, found 1 plugins.
Preloading 0 native plugins for Editor in 0.00 ms.
Unloading 1817 Unused Serialized files (Serialized files now loaded: 0)
System memory in use before: 88.5 MB.
System memory in use after: 88.6 MB.

Unloading 8 unused Assets to reduce memory usage. Loaded Objects now: 2316.
Total: 1.887600 ms (FindLiveObjects: 0.159900 ms CreateObjectMapping: 0.048300 ms MarkObjects: 1.666800 ms  DeleteObjects: 0.011600 ms)

AssetImportParameters requested are different than current active one (requested -> active):
  custom:graphics/normal-map-encoding: 01000000000000000000000000000000 -> 02000000000000000000000000000000
========================================================================
Received Prepare
Registering precompiled user dll's ...
Registered in 0.001028 seconds.
Begin MonoManager ReloadAssembly
Native extension for WindowsStandalone target not found
Refreshing native plugins compatible for Editor in 0.56 ms, found 1 plugins.
Preloading 0 native plugins for Editor in 0.00 ms.
Mono: successfully reloaded assembly
- Completed reload, in  0.905 seconds
Platform modules already initialized, skipping
Switching build target platform(19) subTarget(0) extendedPlatform(0) -> platform(13) subTarget(537395200) extendedPlatform(0)
Refreshing native plugins compatible for Editor in 0.31 ms, found 1 plugins.
Preloading 0 native plugins for Editor in 0.00 ms.
Unloading 1817 Unused Serialized files (Serialized files now loaded: 0)
System memory in use before: 88.5 MB.
System memory in use after: 88.6 MB.

Unloading 8 unused Assets to reduce memory usage. Loaded Objects now: 2319.
Total: 1.984200 ms (FindLiveObjects: 0.163200 ms CreateObjectMapping: 0.052500 ms MarkObjects: 1.755100 ms  DeleteObjects: 0.012800 ms)

AssetImportParameters requested are different than current active one (requested -> active):
  custom:graphics/normal-map-encoding: 01000000000000000000000000000000 -> 02000000000000000000000000000000
========================================================================
Received Prepare
Registering precompiled user dll's ...
Registered in 0.000887 seconds.
Begin MonoManager ReloadAssembly
Native extension for WindowsStandalone target not found
Refreshing native plugins compatible for Editor in 0.32 ms, found 1 plugins.
Preloading 0 native plugins for Editor in 0.00 ms.
Mono: successfully reloaded assembly
- Completed reload, in  1.016 seconds
Platform modules already initialized, skipping
Switching build target platform(19) subTarget(0) extendedPlatform(0) -> platform(13) subTarget(537395200) extendedPlatform(0)
Refreshing native plugins compatible for Editor in 0.32 ms, found 1 plugins.
Preloading 0 native plugins for Editor in 0.00 ms.
Unloading 1817 Unused Serialized files (Serialized files now loaded: 0)
System memory in use before: 88.5 MB.
System memory in use after: 88.6 MB.

Unloading 8 unused Assets to reduce memory usage. Loaded Objects now: 2322.
Total: 2.052500 ms (FindLiveObjects: 0.172200 ms CreateObjectMapping: 0.055800 ms MarkObjects: 1.774800 ms  DeleteObjects: 0.048800 ms)

AssetImportParameters requested are different than current active one (requested -> active):
  custom:graphics/normal-map-encoding: 01000000000000000000000000000000 -> 02000000000000000000000000000000
========================================================================
Received Prepare
Registering precompiled user dll's ...
Registered in 0.000894 seconds.
Begin MonoManager ReloadAssembly
Native extension for WindowsStandalone target not found
Refreshing native plugins compatible for Editor in 0.32 ms, found 1 plugins.
Preloading 0 native plugins for Editor in 0.00 ms.
Mono: successfully reloaded assembly
- Completed reload, in  1.132 seconds
Platform modules already initialized, skipping
Switching build target platform(19) subTarget(0) extendedPlatform(0) -> platform(13) subTarget(537395200) extendedPlatform(0)
Refreshing native plugins compatible for Editor in 0.31 ms, found 1 plugins.
Preloading 0 native plugins for Editor in 0.00 ms.
Unloading 1817 Unused Serialized files (Serialized files now loaded: 0)
System memory in use before: 88.5 MB.
System memory in use after: 88.6 MB.

Unloading 8 unused Assets to reduce memory usage. Loaded Objects now: 2325.
Total: 1.964300 ms (FindLiveObjects: 0.172300 ms CreateObjectMapping: 0.054800 ms MarkObjects: 1.721000 ms  DeleteObjects: 0.015400 ms)

AssetImportParameters requested are different than current active one (requested -> active):
  custom:graphics/normal-map-encoding: 01000000000000000000000000000000 -> 02000000000000000000000000000000
========================================================================
Received Import Request.
  Time since last request: 398.678488 seconds.
  path: Assets/Audio/impact-prelude-by-kevin-macleod-from-filmmusic-io.mp3
  artifactKey: Guid(bb9fd5b87637ad041b34b97de9d4609e) Importer(815301076,1909f56bfc062723c751e8b465ee728b)
Start importing Assets/Audio/impact-prelude-by-kevin-macleod-from-filmmusic-io.mp3 using Guid(bb9fd5b87637ad041b34b97de9d4609e) Importer(815301076,1909f56bfc062723c751e8b465ee728b)  -> (artifact id: '434f3c9097c7a6d83c8fef562f020b02') in 0.070631 seconds
  Import took 0.074419 seconds .

========================================================================
Received Import Request.
  Time since last request: 469.419833 seconds.
  path: Assets/Audio/mesmerize-by-kevin-macleod-from-filmmusic-io.mp3
  artifactKey: Guid(f388e5b02fc7c1e4a85a0f3e06ee876d) Importer(815301076,1909f56bfc062723c751e8b465ee728b)
Start importing Assets/Audio/mesmerize-by-kevin-macleod-from-filmmusic-io.mp3 using Guid(f388e5b02fc7c1e4a85a0f3e06ee876d) Importer(815301076,1909f56bfc062723c751e8b465ee728b)  -> (artifact id: 'c01c5247e7730d7fe06857a531136f91') in 0.017384 seconds
  Import took 0.021426 seconds .

========================================================================
Received Import Request.
  Time since last request: 0.003000 seconds.
  path: Assets/Audio/mesmerize-by-kevin-macleod-from-filmmusic-io.mp3
  artifactKey: Guid(f388e5b02fc7c1e4a85a0f3e06ee876d) Importer(815301076,1909f56bfc062723c751e8b465ee728b)
Start importing Assets/Audio/mesmerize-by-kevin-macleod-from-filmmusic-io.mp3 using Guid(f388e5b02fc7c1e4a85a0f3e06ee876d) Importer(815301076,1909f56bfc062723c751e8b465ee728b)  -> (artifact id: 'c01c5247e7730d7fe06857a531136f91') in 0.010257 seconds
  Import took 0.013449 seconds .

========================================================================
Received Import Request.
  Time since last request: 58.640491 seconds.
  path: Assets/Scenes/Main.unity
  artifactKey: Guid(2cda990e2423bbf4892e6590ba056729) Importer(815301076,1909f56bfc062723c751e8b465ee728b)
Start importing Assets/Scenes/Main.unity using Guid(2cda990e2423bbf4892e6590ba056729) Importer(815301076,1909f56bfc062723c751e8b465ee728b)  -> (artifact id: '6a55683d5a2a713ab7502822bd4425b4') in 0.010169 seconds
  Import took 0.014058 seconds .

========================================================================
Received Import Request.
  Time since last request: 9.814839 seconds.
  path: Assets/Script/GameManager.cs
  artifactKey: Guid(c9056c69d961dcb45be7ae3cbc94a306) Importer(815301076,1909f56bfc062723c751e8b465ee728b)
Start importing Assets/Script/GameManager.cs using Guid(c9056c69d961dcb45be7ae3cbc94a306) Importer(815301076,1909f56bfc062723c751e8b465ee728b)  -> (artifact id: 'b844c958be636adef5321236328d9eda') in 0.007981 seconds
  Import took 0.011596 seconds .

========================================================================
Received Import Request.
  Time since last request: 0.003374 seconds.
  path: Assets/Script/GameManager.cs
  artifactKey: Guid(c9056c69d961dcb45be7ae3cbc94a306) Importer(815301076,1909f56bfc062723c751e8b465ee728b)
Start importing Assets/Script/GameManager.cs using Guid(c9056c69d961dcb45be7ae3cbc94a306) Importer(815301076,1909f56bfc062723c751e8b465ee728b)  -> (artifact id: 'b844c958be636adef5321236328d9eda') in 0.003072 seconds
  Import took 0.006356 seconds .

========================================================================
Received Prepare
Registering precompiled user dll's ...
Registered in 0.000925 seconds.
Begin MonoManager ReloadAssembly
Native extension for WindowsStandalone target not found
Refreshing native plugins compatible for Editor in 0.31 ms, found 1 plugins.
Preloading 0 native plugins for Editor in 0.00 ms.
Mono: successfully reloaded assembly
- Completed reload, in  0.960 seconds
Platform modules already initialized, skipping
Switching build target platform(19) subTarget(0) extendedPlatform(0) -> platform(13) subTarget(537395200) extendedPlatform(0)
Refreshing native plugins compatible for Editor in 0.32 ms, found 1 plugins.
Preloading 0 native plugins for Editor in 0.00 ms.
Unloading 1817 Unused Serialized files (Serialized files now loaded: 0)
System memory in use before: 88.6 MB.
System memory in use after: 88.7 MB.

Unloading 8 unused Assets to reduce memory usage. Loaded Objects now: 2331.
Total: 1.860000 ms (FindLiveObjects: 0.266500 ms CreateObjectMapping: 0.048700 ms MarkObjects: 1.530900 ms  DeleteObjects: 0.013100 ms)

AssetImportParameters requested are different than current active one (requested -> active):
  custom:graphics/normal-map-encoding: 01000000000000000000000000000000 -> 02000000000000000000000000000000
========================================================================
Received Import Request.
  Time since last request: 49.948123 seconds.
  path: Assets/Script/GameManager.cs
  artifactKey: Guid(c9056c69d961dcb45be7ae3cbc94a306) Importer(815301076,1909f56bfc062723c751e8b465ee728b)
Start importing Assets/Script/GameManager.cs using Guid(c9056c69d961dcb45be7ae3cbc94a306) Importer(815301076,1909f56bfc062723c751e8b465ee728b)  -> (artifact id: '3f15e6c89bd5b88df83283c7c869ebe2') in 0.005722 seconds
  Import took 0.009084 seconds .

========================================================================
Received Import Request.
  Time since last request: 0.001155 seconds.
  path: Assets/Script/GameManager.cs
  artifactKey: Guid(c9056c69d961dcb45be7ae3cbc94a306) Importer(815301076,1909f56bfc062723c751e8b465ee728b)
Start importing Assets/Script/GameManager.cs using Guid(c9056c69d961dcb45be7ae3cbc94a306) Importer(815301076,1909f56bfc062723c751e8b465ee728b)  -> (artifact id: '3f15e6c89bd5b88df83283c7c869ebe2') in 0.003032 seconds
  Import took 0.006484 seconds .

========================================================================
Received Prepare
Registering precompiled user dll's ...
Registered in 0.001143 seconds.
Begin MonoManager ReloadAssembly
Native extension for WindowsStandalone target not found
Refreshing native plugins compatible for Editor in 0.67 ms, found 1 plugins.
Preloading 0 native plugins for Editor in 0.00 ms.
Mono: successfully reloaded assembly
- Completed reload, in  0.990 seconds
Platform modules already initialized, skipping
Switching build target platform(19) subTarget(0) extendedPlatform(0) -> platform(13) subTarget(537395200) extendedPlatform(0)
Refreshing native plugins compatible for Editor in 0.38 ms, found 1 plugins.
Preloading 0 native plugins for Editor in 0.00 ms.
Unloading 1817 Unused Serialized files (Serialized files now loaded: 0)
System memory in use before: 88.6 MB.
System memory in use after: 88.7 MB.

Unloading 8 unused Assets to reduce memory usage. Loaded Objects now: 2334.
Total: 2.010800 ms (FindLiveObjects: 0.162700 ms CreateObjectMapping: 0.048800 ms MarkObjects: 1.785700 ms  DeleteObjects: 0.012600 ms)

AssetImportParameters requested are different than current active one (requested -> active):
  custom:graphics/normal-map-encoding: 01000000000000000000000000000000 -> 02000000000000000000000000000000
========================================================================
Received Prepare
Registering precompiled user dll's ...
Registered in 0.000944 seconds.
Begin MonoManager ReloadAssembly
Native extension for WindowsStandalone target not found
Refreshing native plugins compatible for Editor in 0.32 ms, found 1 plugins.
Preloading 0 native plugins for Editor in 0.00 ms.
Mono: successfully reloaded assembly
- Completed reload, in  1.044 seconds
Platform modules already initialized, skipping
Switching build target platform(19) subTarget(0) extendedPlatform(0) -> platform(13) subTarget(537395200) extendedPlatform(0)
Refreshing native plugins compatible for Editor in 0.38 ms, found 1 plugins.
Preloading 0 native plugins for Editor in 0.00 ms.
Unloading 1817 Unused Serialized files (Serialized files now loaded: 0)
System memory in use before: 88.6 MB.
System memory in use after: 88.7 MB.

Unloading 8 unused Assets to reduce memory usage. Loaded Objects now: 2337.
Total: 2.099600 ms (FindLiveObjects: 0.165400 ms CreateObjectMapping: 0.050700 ms MarkObjects: 1.869700 ms  DeleteObjects: 0.013200 ms)

AssetImportParameters requested are different than current active one (requested -> active):
  custom:graphics/normal-map-encoding: 01000000000000000000000000000000 -> 02000000000000000000000000000000
========================================================================
Received Prepare
Registering precompiled user dll's ...
Registered in 0.001483 seconds.
Begin MonoManager ReloadAssembly
Native extension for WindowsStandalone target not found
Refreshing native plugins compatible for Editor in 0.39 ms, found 1 plugins.
Preloading 0 native plugins for Editor in 0.00 ms.
Mono: successfully reloaded assembly
- Completed reload, in  1.036 seconds
Platform modules already initialized, skipping
Switching build target platform(19) subTarget(0) extendedPlatform(0) -> platform(13) subTarget(537395200) extendedPlatform(0)
Refreshing native plugins compatible for Editor in 0.30 ms, found 1 plugins.
Preloading 0 native plugins for Editor in 0.00 ms.
Unloading 1817 Unused Serialized files (Serialized files now loaded: 0)
System memory in use before: 88.6 MB.
System memory in use after: 88.7 MB.

Unloading 8 unused Assets to reduce memory usage. Loaded Objects now: 2340.
Total: 1.961400 ms (FindLiveObjects: 0.162200 ms CreateObjectMapping: 0.047000 ms MarkObjects: 1.739200 ms  DeleteObjects: 0.012300 ms)

AssetImportParameters requested are different than current active one (requested -> active):
  custom:graphics/normal-map-encoding: 01000000000000000000000000000000 -> 02000000000000000000000000000000
========================================================================
Received Import Request.
  Time since last request: 77.670869 seconds.
  path: Assets/Scenes/GameStart.unity
  artifactKey: Guid(9730269cf4c1cdb4b9f4b02ccb18db2b) Importer(815301076,1909f56bfc062723c751e8b465ee728b)
Start importing Assets/Scenes/GameStart.unity using Guid(9730269cf4c1cdb4b9f4b02ccb18db2b) Importer(815301076,1909f56bfc062723c751e8b465ee728b)  -> (artifact id: '606c2e8a0238ce8357341cf917767ed4') in 0.016938 seconds
  Import took 0.020555 seconds .

========================================================================
Received Import Request.
  Time since last request: 181.391659 seconds.
  path: Assets/Image/icon.png
  artifactKey: Guid(30f3f7888e6d7944b98dd73b167f0b6d) Importer(815301076,1909f56bfc062723c751e8b465ee728b)
Start importing Assets/Image/icon.png using Guid(30f3f7888e6d7944b98dd73b167f0b6d) Importer(815301076,1909f56bfc062723c751e8b465ee728b)  -> (artifact id: '1c7fdee14acbf360b9e7f6b1b310563f') in 0.050819 seconds
  Import took 0.054878 seconds .

========================================================================
Received Prepare
Refreshing native plugins compatible for Editor in 1.55 ms, found 1 plugins.
Preloading 0 native plugins for Editor in 0.00 ms.
Unloading 5 Unused Serialized files (Serialized files now loaded: 0)
System memory in use before: 52.9 MB.
System memory in use after: 53.1 MB.

Unloading 5 unused Assets to reduce memory usage. Loaded Objects now: 2344.
Total: 2.583000 ms (FindLiveObjects: 0.196500 ms CreateObjectMapping: 0.052500 ms MarkObjects: 2.320300 ms  DeleteObjects: 0.013200 ms)

========================================================================
Received Import Request.
  Time since last request: 487.273638 seconds.
  path: Assets/Image/iceorb.png
  artifactKey: Guid(ac29c3ff6bfe7fc47912f2845a32e94a) Importer(815301076,1909f56bfc062723c751e8b465ee728b)
Start importing Assets/Image/iceorb.png using Guid(ac29c3ff6bfe7fc47912f2845a32e94a) Importer(815301076,1909f56bfc062723c751e8b465ee728b)  -> (artifact id: '3130a922bcf49066e318375566575a30') in 0.091138 seconds
  Import took 0.096655 seconds .

========================================================================
Received Import Request.
  Time since last request: 10.376002 seconds.
  path: Assets/Image/poisonorb.png
  artifactKey: Guid(833c0701401e3b345814a7c21be8a727) Importer(815301076,1909f56bfc062723c751e8b465ee728b)
Start importing Assets/Image/poisonorb.png using Guid(833c0701401e3b345814a7c21be8a727) Importer(815301076,1909f56bfc062723c751e8b465ee728b)  -> (artifact id: 'b830697c033cc73487b9b7ef0a7f8469') in 0.097841 seconds
  Import took 0.101475 seconds .

========================================================================
Received Import Request.
  Time since last request: 0.000858 seconds.
  path: Assets/Image/poisonorb.png
  artifactKey: Guid(833c0701401e3b345814a7c21be8a727) Importer(815301076,1909f56bfc062723c751e8b465ee728b)
Start importing Assets/Image/poisonorb.png using Guid(833c0701401e3b345814a7c21be8a727) Importer(815301076,1909f56bfc062723c751e8b465ee728b)  -> (artifact id: 'b830697c033cc73487b9b7ef0a7f8469') in 0.078496 seconds
  Import took 0.082035 seconds .

========================================================================
Received Import Request.
  Time since last request: 6.543507 seconds.
  path: Assets/Image/darkorb.png
  artifactKey: Guid(819116f9a6af7b146aa751f9fd3aa4d2) Importer(815301076,1909f56bfc062723c751e8b465ee728b)
Start importing Assets/Image/darkorb.png using Guid(819116f9a6af7b146aa751f9fd3aa4d2) Importer(815301076,1909f56bfc062723c751e8b465ee728b)  -> (artifact id: '1ef9827ad041ed81cbad371741801c98') in 0.118513 seconds
  Import took 0.121648 seconds .

========================================================================
Received Import Request.
  Time since last request: 8.194288 seconds.
  path: Assets/Image/ICESLIME-Sheet.png
  artifactKey: Guid(aaa15583d71a3924c8e6bfb6a935583a) Importer(815301076,1909f56bfc062723c751e8b465ee728b)
Start importing Assets/Image/ICESLIME-Sheet.png using Guid(aaa15583d71a3924c8e6bfb6a935583a) Importer(815301076,1909f56bfc062723c751e8b465ee728b)  -> (artifact id: '63cb85df1cbf9c68f5d35a377aba6d3c') in 0.041250 seconds
  Import took 0.044680 seconds .

========================================================================
Received Import Request.
  Time since last request: 0.002143 seconds.
  path: Assets/Image/ICESLIME-Sheet.png
  artifactKey: Guid(aaa15583d71a3924c8e6bfb6a935583a) Importer(815301076,1909f56bfc062723c751e8b465ee728b)
Start importing Assets/Image/ICESLIME-Sheet.png using Guid(aaa15583d71a3924c8e6bfb6a935583a) Importer(815301076,1909f56bfc062723c751e8b465ee728b)  -> (artifact id: '63cb85df1cbf9c68f5d35a377aba6d3c') in 0.015356 seconds
  Import took 0.019119 seconds .

========================================================================
Received Import Request.
  Time since last request: 8.640128 seconds.
  path: Assets/Image/down.png
  artifactKey: Guid(e323aa1664ed5d54aa29b650169d760f) Importer(815301076,1909f56bfc062723c751e8b465ee728b)
Start importing Assets/Image/down.png using Guid(e323aa1664ed5d54aa29b650169d760f) Importer(815301076,1909f56bfc062723c751e8b465ee728b)  -> (artifact id: '880ba5793c645c1b67d63bab366fb483') in 0.025776 seconds
  Import took 0.028998 seconds .

========================================================================
Received Import Request.
  Time since last request: 8.508486 seconds.
  path: Assets/Image/FIRESLIME-Sheet.png
  artifactKey: Guid(9a409e0775e51074c96da8abc46a1b13) Importer(815301076,1909f56bfc062723c751e8b465ee728b)
Start importing Assets/Image/FIRESLIME-Sheet.png using Guid(9a409e0775e51074c96da8abc46a1b13) Importer(815301076,1909f56bfc062723c751e8b465ee728b)  -> (artifact id: 'c3220c5de677ab0cef68dc4b41e6fa1f') in 0.039840 seconds
  Import took 0.044054 seconds .

========================================================================
Received Import Request.
  Time since last request: 0.002218 seconds.
  path: Assets/Image/FIRESLIME-Sheet.png
  artifactKey: Guid(9a409e0775e51074c96da8abc46a1b13) Importer(815301076,1909f56bfc062723c751e8b465ee728b)
Start importing Assets/Image/FIRESLIME-Sheet.png using Guid(9a409e0775e51074c96da8abc46a1b13) Importer(815301076,1909f56bfc062723c751e8b465ee728b)  -> (artifact id: 'c3220c5de677ab0cef68dc4b41e6fa1f') in 0.015730 seconds
  Import took 0.019925 seconds .

========================================================================
Received Import Request.
  Time since last request: 8.667054 seconds.
  path: Assets/Image/icon.png
  artifactKey: Guid(30f3f7888e6d7944b98dd73b167f0b6d) Importer(815301076,1909f56bfc062723c751e8b465ee728b)
Start importing Assets/Image/icon.png using Guid(30f3f7888e6d7944b98dd73b167f0b6d) Importer(815301076,1909f56bfc062723c751e8b465ee728b)  -> (artifact id: '40808862accbd846f624631c57cd49b9') in 0.024850 seconds
  Import took 0.028196 seconds .

========================================================================
Received Import Request.
  Time since last request: 17.234991 seconds.
  path: Assets/Image/left.png
  artifactKey: Guid(8bfad3dc1ef706b4da4496f5270c8e52) Importer(815301076,1909f56bfc062723c751e8b465ee728b)
Start importing Assets/Image/left.png using Guid(8bfad3dc1ef706b4da4496f5270c8e52) Importer(815301076,1909f56bfc062723c751e8b465ee728b)  -> (artifact id: '7ab79c783a8e42d258b8b50f7d396ac4') in 0.037975 seconds
  Import took 0.041474 seconds .

========================================================================
Received Import Request.
  Time since last request: 4.983003 seconds.
  path: Assets/Image/main.png
  artifactKey: Guid(49cfb63b6ff2e80429cfd778eb6fc954) Importer(815301076,1909f56bfc062723c751e8b465ee728b)
Start importing Assets/Image/main.png using Guid(49cfb63b6ff2e80429cfd778eb6fc954) Importer(815301076,1909f56bfc062723c751e8b465ee728b)  -> (artifact id: '9cd85e8b8c8263324a8cd1aaa0d52b8f') in 0.040499 seconds
  Import took 0.045060 seconds .

========================================================================
Received Import Request.
  Time since last request: 13.951978 seconds.
  path: Assets/Image/POISONSLIME-Sheet.png
  artifactKey: Guid(07895c38d28f6c24a975a785eab970f6) Importer(815301076,1909f56bfc062723c751e8b465ee728b)
Start importing Assets/Image/POISONSLIME-Sheet.png using Guid(07895c38d28f6c24a975a785eab970f6) Importer(815301076,1909f56bfc062723c751e8b465ee728b)  -> (artifact id: '1319e0bc79794b9d0cd4fea44fff244e') in 0.041074 seconds
  Import took 0.045203 seconds .

========================================================================
Received Import Request.
  Time since last request: 4.574753 seconds.
  path: Assets/Image/right.png
  artifactKey: Guid(c933ce54dfd633f4eb03917a005e4284) Importer(815301076,1909f56bfc062723c751e8b465ee728b)
Start importing Assets/Image/right.png using Guid(c933ce54dfd633f4eb03917a005e4284) Importer(815301076,1909f56bfc062723c751e8b465ee728b)  -> (artifact id: 'e291156fee08d8a57dd2f13f8bef3397') in 0.017675 seconds
  Import took 0.020675 seconds .

========================================================================
Received Import Request.
  Time since last request: 4.683079 seconds.
  path: Assets/Image/sky_asset.png
  artifactKey: Guid(d571d61502bf9484b8cf950eade4dc63) Importer(815301076,1909f56bfc062723c751e8b465ee728b)
Start importing Assets/Image/sky_asset.png using Guid(d571d61502bf9484b8cf950eade4dc63) Importer(815301076,1909f56bfc062723c751e8b465ee728b)  -> (artifact id: '52c613bf1f2d0775b7020a6968d3d12b') in 0.035013 seconds
  Import took 0.038965 seconds .

========================================================================
Received Import Request.
  Time since last request: 6.718013 seconds.
  path: Assets/Image/Switch_Button.png
  artifactKey: Guid(aafaff72aa026554ebe970b7a27af52a) Importer(815301076,1909f56bfc062723c751e8b465ee728b)
Start importing Assets/Image/Switch_Button.png using Guid(aafaff72aa026554ebe970b7a27af52a) Importer(815301076,1909f56bfc062723c751e8b465ee728b)  -> (artifact id: '2628c369ad83a1dcb96ec56b9bd25ac7') in 0.032316 seconds
  Import took 0.037269 seconds .

========================================================================
Received Import Request.
  Time since last request: 4.714300 seconds.
  path: Assets/Image/up.png
  artifactKey: Guid(e45ea868c50a86242b8a841924a450c6) Importer(815301076,1909f56bfc062723c751e8b465ee728b)
Start importing Assets/Image/up.png using Guid(e45ea868c50a86242b8a841924a450c6) Importer(815301076,1909f56bfc062723c751e8b465ee728b)  -> (artifact id: '2696345b35f14383ee4b3f8219059f55') in 0.022123 seconds
  Import took 0.026113 seconds .

========================================================================
Received Prepare
Registering precompiled user dll's ...
Registered in 0.000894 seconds.
Begin MonoManager ReloadAssembly
Native extension for WindowsStandalone target not found
Refreshing native plugins compatible for Editor in 0.64 ms, found 1 plugins.
Preloading 0 native plugins for Editor in 0.00 ms.
Mono: successfully reloaded assembly
- Completed reload, in  1.010 seconds
Platform modules already initialized, skipping
Switching build target platform(19) subTarget(0) extendedPlatform(0) -> platform(13) subTarget(537395200) extendedPlatform(0)
Refreshing native plugins compatible for Editor in 0.45 ms, found 1 plugins.
Preloading 0 native plugins for Editor in 0.00 ms.
Unloading 1817 Unused Serialized files (Serialized files now loaded: 0)
System memory in use before: 88.7 MB.
System memory in use after: 88.8 MB.

Unloading 8 unused Assets to reduce memory usage. Loaded Objects now: 2371.
Total: 1.824600 ms (FindLiveObjects: 0.167600 ms CreateObjectMapping: 0.046900 ms MarkObjects: 1.597300 ms  DeleteObjects: 0.012100 ms)

AssetImportParameters requested are different than current active one (requested -> active):
  custom:graphics/normal-map-encoding: 01000000000000000000000000000000 -> 02000000000000000000000000000000
========================================================================
Received Prepare
Refreshing native plugins compatible for Editor in 1.80 ms, found 1 plugins.
Preloading 0 native plugins for Editor in 0.00 ms.
Unloading 5 Unused Serialized files (Serialized files now loaded: 0)
System memory in use before: 52.9 MB.
System memory in use after: 53.0 MB.

Unloading 5 unused Assets to reduce memory usage. Loaded Objects now: 2371.
Total: 1.812600 ms (FindLiveObjects: 0.167700 ms CreateObjectMapping: 0.059100 ms MarkObjects: 1.574500 ms  DeleteObjects: 0.010600 ms)

========================================================================
Received Import Request.
  Time since last request: 90.948390 seconds.
  path: Assets/Script/GameManager.cs
  artifactKey: Guid(c9056c69d961dcb45be7ae3cbc94a306) Importer(815301076,1909f56bfc062723c751e8b465ee728b)
Start importing Assets/Script/GameManager.cs using Guid(c9056c69d961dcb45be7ae3cbc94a306) Importer(815301076,1909f56bfc062723c751e8b465ee728b)  -> (artifact id: '2045fdfec2ae4ccd6e6869c43e815edd') in 0.004354 seconds
  Import took 0.007568 seconds .

========================================================================
Received Import Request.
  Time since last request: 0.027421 seconds.
  path: Assets/Script/GameManager.cs
  artifactKey: Guid(c9056c69d961dcb45be7ae3cbc94a306) Importer(815301076,1909f56bfc062723c751e8b465ee728b)
Start importing Assets/Script/GameManager.cs using Guid(c9056c69d961dcb45be7ae3cbc94a306) Importer(815301076,1909f56bfc062723c751e8b465ee728b)  -> (artifact id: '2045fdfec2ae4ccd6e6869c43e815edd') in 0.003861 seconds
  Import took 0.007399 seconds .

========================================================================
Received Prepare
Registering precompiled user dll's ...
Registered in 0.000915 seconds.
Begin MonoManager ReloadAssembly
Native extension for WindowsStandalone target not found
Refreshing native plugins compatible for Editor in 0.31 ms, found 1 plugins.
Preloading 0 native plugins for Editor in 0.00 ms.
Mono: successfully reloaded assembly
- Completed reload, in  1.094 seconds
Platform modules already initialized, skipping
Switching build target platform(19) subTarget(0) extendedPlatform(0) -> platform(13) subTarget(537395200) extendedPlatform(0)
Refreshing native plugins compatible for Editor in 0.31 ms, found 1 plugins.
Preloading 0 native plugins for Editor in 0.00 ms.
Unloading 1817 Unused Serialized files (Serialized files now loaded: 0)
System memory in use before: 88.7 MB.
System memory in use after: 88.8 MB.

Unloading 8 unused Assets to reduce memory usage. Loaded Objects now: 2374.
Total: 2.030400 ms (FindLiveObjects: 0.190800 ms CreateObjectMapping: 0.060300 ms MarkObjects: 1.766000 ms  DeleteObjects: 0.012400 ms)

AssetImportParameters requested are different than current active one (requested -> active):
  custom:graphics/normal-map-encoding: 01000000000000000000000000000000 -> 02000000000000000000000000000000
========================================================================
Received Import Request.
  Time since last request: 28.652010 seconds.
  path: Assets/Script/GameManager.cs
  artifactKey: Guid(c9056c69d961dcb45be7ae3cbc94a306) Importer(815301076,1909f56bfc062723c751e8b465ee728b)
Start importing Assets/Script/GameManager.cs using Guid(c9056c69d961dcb45be7ae3cbc94a306) Importer(815301076,1909f56bfc062723c751e8b465ee728b)  -> (artifact id: '4bc74a594f82b52fb8316b3e59eeb23b') in 0.005507 seconds
  Import took 0.008701 seconds .

========================================================================
Received Prepare
Registering precompiled user dll's ...
Registered in 0.000864 seconds.
Begin MonoManager ReloadAssembly
Native extension for WindowsStandalone target not found
Refreshing native plugins compatible for Editor in 0.41 ms, found 1 plugins.
Preloading 0 native plugins for Editor in 0.00 ms.
Mono: successfully reloaded assembly
- Completed reload, in  1.112 seconds
Platform modules already initialized, skipping
Switching build target platform(19) subTarget(0) extendedPlatform(0) -> platform(13) subTarget(537395200) extendedPlatform(0)
Refreshing native plugins compatible for Editor in 0.44 ms, found 1 plugins.
Preloading 0 native plugins for Editor in 0.00 ms.
Unloading 1817 Unused Serialized files (Serialized files now loaded: 0)
System memory in use before: 88.7 MB.
System memory in use after: 88.8 MB.

Unloading 8 unused Assets to reduce memory usage. Loaded Objects now: 2377.
Total: 2.215300 ms (FindLiveObjects: 0.206400 ms CreateObjectMapping: 0.059000 ms MarkObjects: 1.933700 ms  DeleteObjects: 0.015300 ms)

AssetImportParameters requested are different than current active one (requested -> active):
  custom:graphics/normal-map-encoding: 01000000000000000000000000000000 -> 02000000000000000000000000000000
========================================================================
Received Prepare
Registering precompiled user dll's ...
Registered in 0.000879 seconds.
Begin MonoManager ReloadAssembly
Native extension for WindowsStandalone target not found
Refreshing native plugins compatible for Editor in 0.32 ms, found 1 plugins.
Preloading 0 native plugins for Editor in 0.00 ms.
Mono: successfully reloaded assembly
- Completed reload, in  1.100 seconds
Platform modules already initialized, skipping
Switching build target platform(19) subTarget(0) extendedPlatform(0) -> platform(13) subTarget(537395200) extendedPlatform(0)
Refreshing native plugins compatible for Editor in 0.35 ms, found 1 plugins.
Preloading 0 native plugins for Editor in 0.00 ms.
Unloading 1817 Unused Serialized files (Serialized files now loaded: 0)
System memory in use before: 88.7 MB.
System memory in use after: 88.8 MB.

Unloading 8 unused Assets to reduce memory usage. Loaded Objects now: 2380.
Total: 2.066500 ms (FindLiveObjects: 0.177500 ms CreateObjectMapping: 0.060900 ms MarkObjects: 1.813300 ms  DeleteObjects: 0.013900 ms)

AssetImportParameters requested are different than current active one (requested -> active):
  custom:graphics/normal-map-encoding: 01000000000000000000000000000000 -> 02000000000000000000000000000000
========================================================================
Received Prepare
Registering precompiled user dll's ...
Registered in 0.000893 seconds.
Begin MonoManager ReloadAssembly
Native extension for WindowsStandalone target not found
Refreshing native plugins compatible for Editor in 0.34 ms, found 1 plugins.
Preloading 0 native plugins for Editor in 0.00 ms.
Mono: successfully reloaded assembly
- Completed reload, in  1.098 seconds
Platform modules already initialized, skipping
Switching build target platform(19) subTarget(0) extendedPlatform(0) -> platform(13) subTarget(537395200) extendedPlatform(0)
Refreshing native plugins compatible for Editor in 0.31 ms, found 1 plugins.
Preloading 0 native plugins for Editor in 0.00 ms.
Unloading 1817 Unused Serialized files (Serialized files now loaded: 0)
System memory in use before: 88.7 MB.
System memory in use after: 88.8 MB.

Unloading 8 unused Assets to reduce memory usage. Loaded Objects now: 2383.
Total: 2.204200 ms (FindLiveObjects: 0.182100 ms CreateObjectMapping: 0.091700 ms MarkObjects: 1.917000 ms  DeleteObjects: 0.012500 ms)

AssetImportParameters requested are different than current active one (requested -> active):
  custom:graphics/normal-map-encoding: 01000000000000000000000000000000 -> 02000000000000000000000000000000
========================================================================
Received Import Request.
  Time since last request: 95.753340 seconds.
  path: Assets/Scenes/Main.unity
  artifactKey: Guid(2cda990e2423bbf4892e6590ba056729) Importer(815301076,1909f56bfc062723c751e8b465ee728b)
Start importing Assets/Scenes/Main.unity using Guid(2cda990e2423bbf4892e6590ba056729) Importer(815301076,1909f56bfc062723c751e8b465ee728b)  -> (artifact id: 'f0a6614a0ca519eb39488780165bb350') in 0.019051 seconds
  Import took 0.022288 seconds .

========================================================================
Received Prepare
Registering precompiled user dll's ...
Registered in 0.000883 seconds.
Begin MonoManager ReloadAssembly
Native extension for WindowsStandalone target not found
Refreshing native plugins compatible for Editor in 0.35 ms, found 1 plugins.
Preloading 0 native plugins for Editor in 0.00 ms.
Mono: successfully reloaded assembly
- Completed reload, in  1.068 seconds
Platform modules already initialized, skipping
Switching build target platform(19) subTarget(0) extendedPlatform(0) -> platform(13) subTarget(537395200) extendedPlatform(0)
Refreshing native plugins compatible for Editor in 0.31 ms, found 1 plugins.
Preloading 0 native plugins for Editor in 0.00 ms.
Unloading 1817 Unused Serialized files (Serialized files now loaded: 0)
System memory in use before: 88.7 MB.
System memory in use after: 88.8 MB.

Unloading 8 unused Assets to reduce memory usage. Loaded Objects now: 2386.
Total: 1.759700 ms (FindLiveObjects: 0.139500 ms CreateObjectMapping: 0.046200 ms MarkObjects: 1.530500 ms  DeleteObjects: 0.042300 ms)

AssetImportParameters requested are different than current active one (requested -> active):
  custom:graphics/normal-map-encoding: 01000000000000000000000000000000 -> 02000000000000000000000000000000
========================================================================
Received Prepare
Registering precompiled user dll's ...
Registered in 0.001162 seconds.
Begin MonoManager ReloadAssembly
Native extension for WindowsStandalone target not found
Refreshing native plugins compatible for Editor in 0.78 ms, found 1 plugins.
Preloading 0 native plugins for Editor in 0.00 ms.
Mono: successfully reloaded assembly
- Completed reload, in  1.313 seconds
Platform modules already initialized, skipping
Switching build target platform(19) subTarget(0) extendedPlatform(0) -> platform(13) subTarget(537395200) extendedPlatform(0)
Refreshing native plugins compatible for Editor in 0.41 ms, found 1 plugins.
Preloading 0 native plugins for Editor in 0.00 ms.
Unloading 1817 Unused Serialized files (Serialized files now loaded: 0)
System memory in use before: 88.7 MB.
System memory in use after: 88.8 MB.

Unloading 8 unused Assets to reduce memory usage. Loaded Objects now: 2389.
Total: 3.023500 ms (FindLiveObjects: 0.297000 ms CreateObjectMapping: 0.086900 ms MarkObjects: 2.620600 ms  DeleteObjects: 0.018000 ms)

AssetImportParameters requested are different than current active one (requested -> active):
  custom:graphics/normal-map-encoding: 01000000000000000000000000000000 -> 02000000000000000000000000000000
========================================================================
Received Prepare
Registering precompiled user dll's ...
Registered in 0.000864 seconds.
Begin MonoManager ReloadAssembly
Native extension for WindowsStandalone target not found
Refreshing native plugins compatible for Editor in 0.35 ms, found 1 plugins.
Preloading 0 native plugins for Editor in 0.00 ms.
Mono: successfully reloaded assembly
- Completed reload, in  1.304 seconds
Platform modules already initialized, skipping
Switching build target platform(19) subTarget(0) extendedPlatform(0) -> platform(13) subTarget(537395200) extendedPlatform(0)
Refreshing native plugins compatible for Editor in 0.31 ms, found 1 plugins.
Preloading 0 native plugins for Editor in 0.00 ms.
Unloading 1817 Unused Serialized files (Serialized files now loaded: 0)
System memory in use before: 88.7 MB.
System memory in use after: 88.8 MB.

Unloading 8 unused Assets to reduce memory usage. Loaded Objects now: 2392.
Total: 2.339800 ms (FindLiveObjects: 0.181100 ms CreateObjectMapping: 0.194900 ms MarkObjects: 1.948400 ms  DeleteObjects: 0.014600 ms)

AssetImportParameters requested are different than current active one (requested -> active):
  custom:graphics/normal-map-encoding: 01000000000000000000000000000000 -> 02000000000000000000000000000000
========================================================================
Received Prepare
Refreshing native plugins compatible for Editor in 1.49 ms, found 1 plugins.
Preloading 0 native plugins for Editor in 0.00 ms.
Unloading 5 Unused Serialized files (Serialized files now loaded: 0)
System memory in use before: 53.0 MB.
System memory in use after: 53.1 MB.

Unloading 5 unused Assets to reduce memory usage. Loaded Objects now: 2392.
Total: 1.834200 ms (FindLiveObjects: 0.170000 ms CreateObjectMapping: 0.056800 ms MarkObjects: 1.597100 ms  DeleteObjects: 0.009700 ms)

========================================================================
Received Import Request.
  Time since last request: 471.643094 seconds.
  path: Assets/Prefabs/FireSLIME.prefab
  artifactKey: Guid(e9472c22fe555a647a8da0a6d94ff5ba) Importer(815301076,1909f56bfc062723c751e8b465ee728b)
Start importing Assets/Prefabs/FireSLIME.prefab using Guid(e9472c22fe555a647a8da0a6d94ff5ba) Importer(815301076,1909f56bfc062723c751e8b465ee728b)  -> (artifact id: '7f58240972ad2b225759b50dffb9945e') in 0.060998 seconds
  Import took 0.065861 seconds .

========================================================================
Received Import Request.
  Time since last request: 2.316245 seconds.
  path: Assets/Prefabs/IceSLIME.prefab
  artifactKey: Guid(1af23cf8a026e1542bdab27d1092f4c2) Importer(815301076,1909f56bfc062723c751e8b465ee728b)
Start importing Assets/Prefabs/IceSLIME.prefab using Guid(1af23cf8a026e1542bdab27d1092f4c2) Importer(815301076,1909f56bfc062723c751e8b465ee728b)  -> (artifact id: 'ca4f5f9714f3767745cc4bd7e0c38fcb') in 0.016753 seconds
  Import took 0.020249 seconds .

========================================================================
Received Import Request.
  Time since last request: 0.007580 seconds.
  path: Assets/Prefabs/IceSLIME.prefab
  artifactKey: Guid(1af23cf8a026e1542bdab27d1092f4c2) Importer(815301076,1909f56bfc062723c751e8b465ee728b)
Start importing Assets/Prefabs/IceSLIME.prefab using Guid(1af23cf8a026e1542bdab27d1092f4c2) Importer(815301076,1909f56bfc062723c751e8b465ee728b)  -> (artifact id: 'ca4f5f9714f3767745cc4bd7e0c38fcb') in 0.013421 seconds
  Import took 0.016687 seconds .

========================================================================
Received Import Request.
  Time since last request: 19.087437 seconds.
  path: Assets/Prefabs/PoisonSLIME.prefab
  artifactKey: Guid(4e12b1ef62411ee4ba3f3c8e3df1f64b) Importer(815301076,1909f56bfc062723c751e8b465ee728b)
Start importing Assets/Prefabs/PoisonSLIME.prefab using Guid(4e12b1ef62411ee4ba3f3c8e3df1f64b) Importer(815301076,1909f56bfc062723c751e8b465ee728b)  -> (artifact id: '32b4706a3222d57f6f8d2982a2f0e947') in 0.017334 seconds
  Import took 0.020765 seconds .

========================================================================
Received Import Request.
  Time since last request: 4.571717 seconds.
  path: Assets/Prefabs/SLIME.prefab
  artifactKey: Guid(e47d88b0ed91397448418c82327f9ad1) Importer(815301076,1909f56bfc062723c751e8b465ee728b)
Start importing Assets/Prefabs/SLIME.prefab using Guid(e47d88b0ed91397448418c82327f9ad1) Importer(815301076,1909f56bfc062723c751e8b465ee728b)  -> (artifact id: '2a6a76a578e67fabb66ec1e8a17713a6') in 0.014909 seconds
  Import took 0.018811 seconds .

========================================================================
Received Import Request.
  Time since last request: 0.013942 seconds.
  path: Assets/Prefabs/SLIME.prefab
  artifactKey: Guid(e47d88b0ed91397448418c82327f9ad1) Importer(815301076,1909f56bfc062723c751e8b465ee728b)
Start importing Assets/Prefabs/SLIME.prefab using Guid(e47d88b0ed91397448418c82327f9ad1) Importer(815301076,1909f56bfc062723c751e8b465ee728b)  -> (artifact id: '2a6a76a578e67fabb66ec1e8a17713a6') in 0.016371 seconds
  Import took 0.019555 seconds .

========================================================================
Received Import Request.
  Time since last request: 3.251810 seconds.
  path: Assets/Prefabs/FireSLIME.prefab
  artifactKey: Guid(e9472c22fe555a647a8da0a6d94ff5ba) Importer(815301076,1909f56bfc062723c751e8b465ee728b)
Start importing Assets/Prefabs/FireSLIME.prefab using Guid(e9472c22fe555a647a8da0a6d94ff5ba) Importer(815301076,1909f56bfc062723c751e8b465ee728b)  -> (artifact id: '05fb71e2d6e3f8fa28e1d289757bd161') in 0.014660 seconds
  Import took 0.018434 seconds .

========================================================================
Received Import Request.
  Time since last request: 0.013471 seconds.
  path: Assets/Prefabs/FireSLIME.prefab
  artifactKey: Guid(e9472c22fe555a647a8da0a6d94ff5ba) Importer(815301076,1909f56bfc062723c751e8b465ee728b)
Start importing Assets/Prefabs/FireSLIME.prefab using Guid(e9472c22fe555a647a8da0a6d94ff5ba) Importer(815301076,1909f56bfc062723c751e8b465ee728b)  -> (artifact id: '05fb71e2d6e3f8fa28e1d289757bd161') in 0.011469 seconds
  Import took 0.015317 seconds .

========================================================================
Received Import Request.
  Time since last request: 1.611412 seconds.
  path: Assets/Prefabs/IceSLIME.prefab
  artifactKey: Guid(1af23cf8a026e1542bdab27d1092f4c2) Importer(815301076,1909f56bfc062723c751e8b465ee728b)
Start importing Assets/Prefabs/IceSLIME.prefab using Guid(1af23cf8a026e1542bdab27d1092f4c2) Importer(815301076,1909f56bfc062723c751e8b465ee728b)  -> (artifact id: '22cf63e5f347de71319ab722642a64eb') in 0.014341 seconds
  Import took 0.017528 seconds .

========================================================================
Received Import Request.
  Time since last request: 1.245876 seconds.
  path: Assets/Prefabs/PoisonSLIME.prefab
  artifactKey: Guid(4e12b1ef62411ee4ba3f3c8e3df1f64b) Importer(815301076,1909f56bfc062723c751e8b465ee728b)
Start importing Assets/Prefabs/PoisonSLIME.prefab using Guid(4e12b1ef62411ee4ba3f3c8e3df1f64b) Importer(815301076,1909f56bfc062723c751e8b465ee728b)  -> (artifact id: 'cb8e042d8de2f9dceb7386caca7c6a95') in 0.018064 seconds
  Import took 0.021990 seconds .

========================================================================
Received Import Request.
  Time since last request: 1.104170 seconds.
  path: Assets/Prefabs/SLIME.prefab
  artifactKey: Guid(e47d88b0ed91397448418c82327f9ad1) Importer(815301076,1909f56bfc062723c751e8b465ee728b)
Start importing Assets/Prefabs/SLIME.prefab using Guid(e47d88b0ed91397448418c82327f9ad1) Importer(815301076,1909f56bfc062723c751e8b465ee728b)  -> (artifact id: 'c90a53ff37fea7a7b50819671d01fe8b') in 0.012586 seconds
  Import took 0.017167 seconds .

========================================================================
Received Prepare
Registering precompiled user dll's ...
Registered in 0.000933 seconds.
Begin MonoManager ReloadAssembly
Native extension for WindowsStandalone target not found
Refreshing native plugins compatible for Editor in 0.34 ms, found 1 plugins.
Preloading 0 native plugins for Editor in 0.00 ms.
Mono: successfully reloaded assembly
- Completed reload, in  0.995 seconds
Platform modules already initialized, skipping
Switching build target platform(19) subTarget(0) extendedPlatform(0) -> platform(13) subTarget(537395200) extendedPlatform(0)
Refreshing native plugins compatible for Editor in 0.31 ms, found 1 plugins.
Preloading 0 native plugins for Editor in 0.00 ms.
Unloading 1817 Unused Serialized files (Serialized files now loaded: 0)
System memory in use before: 89.0 MB.
System memory in use after: 89.1 MB.

Unloading 8 unused Assets to reduce memory usage. Loaded Objects now: 2396.
Total: 1.943300 ms (FindLiveObjects: 0.173900 ms CreateObjectMapping: 0.052600 ms MarkObjects: 1.702800 ms  DeleteObjects: 0.013100 ms)

AssetImportParameters requested are different than current active one (requested -> active):
  custom:graphics/normal-map-encoding: 01000000000000000000000000000000 -> 02000000000000000000000000000000
========================================================================
Received Import Request.
  Time since last request: 70.588538 seconds.
  path: Assets/Script/GameManager.cs
  artifactKey: Guid(c9056c69d961dcb45be7ae3cbc94a306) Importer(815301076,1909f56bfc062723c751e8b465ee728b)
Start importing Assets/Script/GameManager.cs using Guid(c9056c69d961dcb45be7ae3cbc94a306) Importer(815301076,1909f56bfc062723c751e8b465ee728b)  -> (artifact id: '28d5009e373ea46cfb1878a84853c7e8') in 0.006174 seconds
  Import took 0.008807 seconds .

========================================================================
Received Prepare
Registering precompiled user dll's ...
Registered in 0.000965 seconds.
Begin MonoManager ReloadAssembly
Native extension for WindowsStandalone target not found
Refreshing native plugins compatible for Editor in 0.33 ms, found 1 plugins.
Preloading 0 native plugins for Editor in 0.00 ms.
Mono: successfully reloaded assembly
- Completed reload, in  1.068 seconds
Platform modules already initialized, skipping
Switching build target platform(19) subTarget(0) extendedPlatform(0) -> platform(13) subTarget(537395200) extendedPlatform(0)
Refreshing native plugins compatible for Editor in 0.31 ms, found 1 plugins.
Preloading 0 native plugins for Editor in 0.00 ms.
Unloading 1817 Unused Serialized files (Serialized files now loaded: 0)
System memory in use before: 89.0 MB.
System memory in use after: 89.1 MB.

Unloading 8 unused Assets to reduce memory usage. Loaded Objects now: 2399.
Total: 2.224400 ms (FindLiveObjects: 0.238100 ms CreateObjectMapping: 0.053100 ms MarkObjects: 1.918000 ms  DeleteObjects: 0.014200 ms)

AssetImportParameters requested are different than current active one (requested -> active):
  custom:graphics/normal-map-encoding: 01000000000000000000000000000000 -> 02000000000000000000000000000000
========================================================================
Received Prepare
Refreshing native plugins compatible for Editor in 1.49 ms, found 1 plugins.
Preloading 0 native plugins for Editor in 0.00 ms.
Unloading 5 Unused Serialized files (Serialized files now loaded: 0)
System memory in use before: 53.2 MB.
System memory in use after: 53.4 MB.

Unloading 5 unused Assets to reduce memory usage. Loaded Objects now: 2399.
Total: 1.849500 ms (FindLiveObjects: 0.153400 ms CreateObjectMapping: 0.052000 ms MarkObjects: 1.633200 ms  DeleteObjects: 0.010400 ms)

========================================================================
Received Prepare
Refreshing native plugins compatible for Editor in 1.53 ms, found 1 plugins.
Preloading 0 native plugins for Editor in 0.00 ms.
Unloading 5 Unused Serialized files (Serialized files now loaded: 0)
System memory in use before: 53.2 MB.
System memory in use after: 53.4 MB.

Unloading 5 unused Assets to reduce memory usage. Loaded Objects now: 2399.
Total: 2.262600 ms (FindLiveObjects: 0.166800 ms CreateObjectMapping: 0.047500 ms MarkObjects: 2.036700 ms  DeleteObjects: 0.010500 ms)

========================================================================
Received Prepare
Refreshing native plugins compatible for Editor in 1.80 ms, found 1 plugins.
Preloading 0 native plugins for Editor in 0.00 ms.
Unloading 5 Unused Serialized files (Serialized files now loaded: 0)
System memory in use before: 53.2 MB.
System memory in use after: 53.4 MB.

Unloading 5 unused Assets to reduce memory usage. Loaded Objects now: 2399.
Total: 2.000100 ms (FindLiveObjects: 0.204700 ms CreateObjectMapping: 0.066700 ms MarkObjects: 1.717200 ms  DeleteObjects: 0.010700 ms)

